  Compiling CUDA source file kernel.cu...
  
  D:\C++\Cursach\Cursach>"C:\Program Files\NVIDIA GPU Computing Toolkit\CUDA\v10.2\bin\nvcc.exe" -gencode=arch=compute_30,code=\"sm_30,compute_30\" --use-local-env -ccbin "C:\Program Files (x86)\Microsoft Visual Studio\2019\Preview\VC\Tools\MSVC\14.26.28801\bin\HostX86\x64" -x cu  -I"C:\Program Files\NVIDIA GPU Computing Toolkit\CUDA\v10.2\include" -I"C:\Program Files\NVIDIA GPU Computing Toolkit\CUDA\v10.2\include"     --keep-dir x64\Release -maxrregcount=0  --machine 64 --compile -cudart static     -DWIN32 -DWIN64 -DNDEBUG -D_CONSOLE -D_MBCS -Xcompiler "/EHsc /W3 /nologo /O2 /Fdx64\Release\vc142.pdb /FS /Zi  /MD " -o x64\Release\kernel.cu.obj "D:\C++\Cursach\Cursach\kernel.cu" 
D:/C++/Cursach/Cursach/kernel.cu(128): warning : variable "Xs" was set but never used
  
D:/C++/Cursach/Cursach/kernel.cu(129): warning : variable "Ys" was set but never used
  
D:/C++/Cursach/Cursach/kernel.cu(130): warning : variable "Zs" was set but never used
  
  kernel.cu
D:/C++/Cursach/Cursach/kernel.cu(59): warning C4244: инициализация: преобразование "float" в "int", возможна потеря данных
D:/C++/Cursach/Cursach/kernel.cu(69): warning C4244: =: преобразование "double" в "float", возможна потеря данных
D:/C++/Cursach/Cursach/kernel.cu(70): warning C4244: =: преобразование "double" в "float", возможна потеря данных
D:/C++/Cursach/Cursach/kernel.cu(71): warning C4244: =: преобразование "double" в "float", возможна потеря данных
D:/C++/Cursach/Cursach/kernel.cu(77): warning C4244: инициализация: преобразование "double" в "float", возможна потеря данных
D:/C++/Cursach/Cursach/kernel.cu(79): warning C4244: =: преобразование "double" в "float", возможна потеря данных
D:/C++/Cursach/Cursach/kernel.cu(82): warning C4244: инициализация: преобразование "double" в "float", возможна потеря данных
D:/C++/Cursach/Cursach/kernel.cu(85): warning C4244: =: преобразование "double" в "float", возможна потеря данных
D:/C++/Cursach/Cursach/kernel.cu(88): warning C4244: инициализация: преобразование "double" в "float", возможна потеря данных
D:/C++/Cursach/Cursach/kernel.cu(91): warning C4244: =: преобразование "double" в "float", возможна потеря данных
D:/C++/Cursach/Cursach/kernel.cu(95): warning C4244: инициализация: преобразование "double" в "float", возможна потеря данных
D:/C++/Cursach/Cursach/kernel.cu(97): warning C4244: =: преобразование "double" в "float", возможна потеря данных
D:/C++/Cursach/Cursach/kernel.cu(100): warning C4244: инициализация: преобразование "double" в "float", возможна потеря данных
D:/C++/Cursach/Cursach/kernel.cu(102): warning C4244: =: преобразование "double" в "float", возможна потеря данных
D:/C++/Cursach/Cursach/kernel.cu(105): warning C4244: инициализация: преобразование "double" в "float", возможна потеря данных
D:/C++/Cursach/Cursach/kernel.cu(107): warning C4244: =: преобразование "double" в "float", возможна потеря данных
D:/C++/Cursach/Cursach/kernel.cu(217): warning C4305: инициализация: усечение из "double" в "float"
D:/C++/Cursach/Cursach/kernel.cu(217): warning C4305: инициализация: усечение из "double" в "float"
D:/C++/Cursach/Cursach/kernel.cu(236): warning C4305: инициализация: усечение из "double" в "float"
D:/C++/Cursach/Cursach/kernel.cu(236): warning C4305: инициализация: усечение из "double" в "float"
D:/C++/Cursach/Cursach/kernel.cu(261): warning C4244: аргумент: преобразование "time_t" в "unsigned int", возможна потеря данных
D:/C++/Cursach/Cursach/kernel.cu(276): warning C4305: инициализация: усечение из "double" в "float"
D:/C++/Cursach/Cursach/kernel.cu(332): warning C4244: инициализация: преобразование "float" в "unsigned int", возможна потеря данных
D:/C++/Cursach/Cursach/kernel.cu(347): warning C4244: инициализация: преобразование "float" в "int", возможна потеря данных
D:/C++/Cursach/Cursach/kernel.cu(404): warning C4996: 'cudaThreadSynchronize': объявлен deprecate
D:/C++/Cursach/Cursach/kernel.cu(406): warning C4996: 'cudaThreadSynchronize': объявлен deprecate
     Создается библиотека D:\C++\Cursach\x64\Release\Cursach.lib и объект D:\C++\Cursach\x64\Release\Cursach.exp
  LINK : указан параметр /LTCG, но не требуется создание кода; удалите /LTCG из командной строки компоновки для повышения производительности компоновщика
  Cursach.vcxproj -> D:\C++\Cursach\x64\Release\Cursach.exe
